C:\Program Files (x86)\MSBuild\Microsoft.Cpp\v4.0\V140\Microsoft.CppBuild.targets(936,5): warning MSB8027: Two or more files with the name of RunApp.cpp will produce outputs to the same location. This can lead to an incorrect build result.  The files involved are Character\RunApp.cpp, Dice\RunApp.cpp, Item\RunApp.cpp, Map\RunApp.cpp.
  Character.cpp
Character\Character.cpp(5): warning C4627: '#include "Character.h"': skipped when looking for precompiled header use
  Character\Character.cpp(5): note: Add directive to 'stdafx.h' or rebuild precompiled header
Character\Character.cpp(44): fatal error C1010: unexpected end of file while looking for precompiled header. Did you forget to add '#include "stdafx.h"' to your source?
  CharacterTest.cpp
Character\CharacterTest.cpp(5): warning C4627: '#include <cppunit/TestCase.h>': skipped when looking for precompiled header use
  Character\CharacterTest.cpp(5): note: Add directive to 'stdafx.h' or rebuild precompiled header
Character\CharacterTest.cpp(6): warning C4627: '#include <cppunit/TestFixture.h>': skipped when looking for precompiled header use
  Character\CharacterTest.cpp(6): note: Add directive to 'stdafx.h' or rebuild precompiled header
Character\CharacterTest.cpp(7): warning C4627: '#include <cppunit/ui/text/TextTestRunner.h>': skipped when looking for precompiled header use
  Character\CharacterTest.cpp(7): note: Add directive to 'stdafx.h' or rebuild precompiled header
Character\CharacterTest.cpp(8): warning C4627: '#include <cppunit/extensions/HelperMacros.h>': skipped when looking for precompiled header use
  Character\CharacterTest.cpp(8): note: Add directive to 'stdafx.h' or rebuild precompiled header
Character\CharacterTest.cpp(9): warning C4627: '#include <cppunit/extensions/TestFactoryRegistry.h>': skipped when looking for precompiled header use
  Character\CharacterTest.cpp(9): note: Add directive to 'stdafx.h' or rebuild precompiled header
Character\CharacterTest.cpp(10): warning C4627: '#include <cppunit/TestResult.h>': skipped when looking for precompiled header use
  Character\CharacterTest.cpp(10): note: Add directive to 'stdafx.h' or rebuild precompiled header
Character\CharacterTest.cpp(11): warning C4627: '#include <cppunit/TestResultCollector.h>': skipped when looking for precompiled header use
  Character\CharacterTest.cpp(11): note: Add directive to 'stdafx.h' or rebuild precompiled header
Character\CharacterTest.cpp(12): warning C4627: '#include <cppunit/TestRunner.h>': skipped when looking for precompiled header use
  Character\CharacterTest.cpp(12): note: Add directive to 'stdafx.h' or rebuild precompiled header
Character\CharacterTest.cpp(13): warning C4627: '#include <cppunit/BriefTestProgressListener.h>': skipped when looking for precompiled header use
  Character\CharacterTest.cpp(13): note: Add directive to 'stdafx.h' or rebuild precompiled header
Character\CharacterTest.cpp(14): warning C4627: '#include <cppunit/CompilerOutputter.h>': skipped when looking for precompiled header use
  Character\CharacterTest.cpp(14): note: Add directive to 'stdafx.h' or rebuild precompiled header
Character\CharacterTest.cpp(15): warning C4627: '#include <cppunit/XmlOutputter.h>': skipped when looking for precompiled header use
  Character\CharacterTest.cpp(15): note: Add directive to 'stdafx.h' or rebuild precompiled header
Character\CharacterTest.cpp(17): warning C4627: '#include "Character.h"': skipped when looking for precompiled header use
  Character\CharacterTest.cpp(17): note: Add directive to 'stdafx.h' or rebuild precompiled header
Character\CharacterTest.cpp(63): fatal error C1010: unexpected end of file while looking for precompiled header. Did you forget to add '#include "stdafx.h"' to your source?
  RunApp.cpp
Character\RunApp.cpp : warning C4819: The file contains a character that cannot be represented in the current code page (936). Save the file in Unicode format to prevent data loss
Character\RunApp.cpp(23): warning C4627: '#include <cppunit/CompilerOutputter.h>': skipped when looking for precompiled header use
  Character\RunApp.cpp(23): note: Add directive to 'stdafx.h' or rebuild precompiled header
Character\RunApp.cpp(24): warning C4627: '#include <cppunit/extensions/TestFactoryRegistry.h>': skipped when looking for precompiled header use
  Character\RunApp.cpp(24): note: Add directive to 'stdafx.h' or rebuild precompiled header
Character\RunApp.cpp(25): warning C4627: '#include <cppunit/ui/text/TestRunner.h>': skipped when looking for precompiled header use
  Character\RunApp.cpp(25): note: Add directive to 'stdafx.h' or rebuild precompiled header
Character\RunApp.cpp(53): fatal error C1010: unexpected end of file while looking for precompiled header. Did you forget to add '#include "stdafx.h"' to your source?
  Dice.cpp
Dice\Dice.cpp(4): warning C4627: '#include "Dice.h"': skipped when looking for precompiled header use
  Dice\Dice.cpp(4): note: Add directive to 'stdafx.h' or rebuild precompiled header
Dice\Dice.cpp(17): fatal error C1010: unexpected end of file while looking for precompiled header. Did you forget to add '#include "stdafx.h"' to your source?
  DiceTest.cpp
Dice\DiceTest.cpp(5): warning C4627: '#include <cppunit/TestCase.h>': skipped when looking for precompiled header use
  Dice\DiceTest.cpp(5): note: Add directive to 'stdafx.h' or rebuild precompiled header
Dice\DiceTest.cpp(6): warning C4627: '#include <cppunit/TestFixture.h>': skipped when looking for precompiled header use
  Dice\DiceTest.cpp(6): note: Add directive to 'stdafx.h' or rebuild precompiled header
Dice\DiceTest.cpp(7): warning C4627: '#include <cppunit/ui/text/TextTestRunner.h>': skipped when looking for precompiled header use
  Dice\DiceTest.cpp(7): note: Add directive to 'stdafx.h' or rebuild precompiled header
Dice\DiceTest.cpp(8): warning C4627: '#include <cppunit/extensions/HelperMacros.h>': skipped when looking for precompiled header use
  Dice\DiceTest.cpp(8): note: Add directive to 'stdafx.h' or rebuild precompiled header
Dice\DiceTest.cpp(9): warning C4627: '#include <cppunit/extensions/TestFactoryRegistry.h>': skipped when looking for precompiled header use
  Dice\DiceTest.cpp(9): note: Add directive to 'stdafx.h' or rebuild precompiled header
Dice\DiceTest.cpp(10): warning C4627: '#include <cppunit/TestResult.h>': skipped when looking for precompiled header use
  Dice\DiceTest.cpp(10): note: Add directive to 'stdafx.h' or rebuild precompiled header
Dice\DiceTest.cpp(11): warning C4627: '#include <cppunit/TestResultCollector.h>': skipped when looking for precompiled header use
  Dice\DiceTest.cpp(11): note: Add directive to 'stdafx.h' or rebuild precompiled header
Dice\DiceTest.cpp(12): warning C4627: '#include <cppunit/TestRunner.h>': skipped when looking for precompiled header use
  Dice\DiceTest.cpp(12): note: Add directive to 'stdafx.h' or rebuild precompiled header
Dice\DiceTest.cpp(13): warning C4627: '#include <cppunit/BriefTestProgressListener.h>': skipped when looking for precompiled header use
  Dice\DiceTest.cpp(13): note: Add directive to 'stdafx.h' or rebuild precompiled header
Dice\DiceTest.cpp(14): warning C4627: '#include <cppunit/CompilerOutputter.h>': skipped when looking for precompiled header use
  Dice\DiceTest.cpp(14): note: Add directive to 'stdafx.h' or rebuild precompiled header
Dice\DiceTest.cpp(15): warning C4627: '#include <cppunit/XmlOutputter.h>': skipped when looking for precompiled header use
  Dice\DiceTest.cpp(15): note: Add directive to 'stdafx.h' or rebuild precompiled header
Dice\DiceTest.cpp(16): warning C4627: '#include "Dice.h"': skipped when looking for precompiled header use
  Dice\DiceTest.cpp(16): note: Add directive to 'stdafx.h' or rebuild precompiled header
Dice\DiceTest.cpp(100): fatal error C1010: unexpected end of file while looking for precompiled header. Did you forget to add '#include "stdafx.h"' to your source?
  RunApp.cpp
Dice\RunApp.cpp : warning C4819: The file contains a character that cannot be represented in the current code page (936). Save the file in Unicode format to prevent data loss
Dice\RunApp.cpp(23): warning C4627: '#include <cppunit/CompilerOutputter.h>': skipped when looking for precompiled header use
  Dice\RunApp.cpp(23): note: Add directive to 'stdafx.h' or rebuild precompiled header
Dice\RunApp.cpp(24): warning C4627: '#include <cppunit/extensions/TestFactoryRegistry.h>': skipped when looking for precompiled header use
  Dice\RunApp.cpp(24): note: Add directive to 'stdafx.h' or rebuild precompiled header
Dice\RunApp.cpp(25): warning C4627: '#include <cppunit/ui/text/TestRunner.h>': skipped when looking for precompiled header use
  Dice\RunApp.cpp(25): note: Add directive to 'stdafx.h' or rebuild precompiled header
Dice\RunApp.cpp(53): fatal error C1010: unexpected end of file while looking for precompiled header. Did you forget to add '#include "stdafx.h"' to your source?
  Enhancement.cpp
Item\Enhancement.cpp(4): warning C4627: '#include "Enhancement.h"': skipped when looking for precompiled header use
  Item\Enhancement.cpp(4): note: Add directive to 'stdafx.h' or rebuild precompiled header
Item\Enhancement.cpp(36): fatal error C1010: unexpected end of file while looking for precompiled header. Did you forget to add '#include "stdafx.h"' to your source?
  Item.cpp
Item\Item.cpp(5): warning C4627: '#include "Item.h"': skipped when looking for precompiled header use
  Item\Item.cpp(5): note: Add directive to 'stdafx.h' or rebuild precompiled header
Item\Item.cpp(45): fatal error C1010: unexpected end of file while looking for precompiled header. Did you forget to add '#include "stdafx.h"' to your source?
  ItemContainer.cpp
Item\ItemContainer.cpp(5): warning C4627: '#include "ItemContainer.h"': skipped when looking for precompiled header use
  Item\ItemContainer.cpp(5): note: Add directive to 'stdafx.h' or rebuild precompiled header
Item\ItemContainer.cpp(44): fatal error C1010: unexpected end of file while looking for precompiled header. Did you forget to add '#include "stdafx.h"' to your source?
  RunApp.cpp
Item\RunApp.cpp : warning C4819: The file contains a character that cannot be represented in the current code page (936). Save the file in Unicode format to prevent data loss
Item\RunApp.cpp(23): warning C4627: '#include <cppunit/CompilerOutputter.h>': skipped when looking for precompiled header use
  Item\RunApp.cpp(23): note: Add directive to 'stdafx.h' or rebuild precompiled header
Item\RunApp.cpp(24): warning C4627: '#include <cppunit/extensions/TestFactoryRegistry.h>': skipped when looking for precompiled header use
  Item\RunApp.cpp(24): note: Add directive to 'stdafx.h' or rebuild precompiled header
Item\RunApp.cpp(25): warning C4627: '#include <cppunit/ui/text/TestRunner.h>': skipped when looking for precompiled header use
  Item\RunApp.cpp(25): note: Add directive to 'stdafx.h' or rebuild precompiled header
Item\RunApp.cpp(53): fatal error C1010: unexpected end of file while looking for precompiled header. Did you forget to add '#include "stdafx.h"' to your source?
  TestItem.cpp
Item\TestItem.cpp(5): warning C4627: '#include <iostream>': skipped when looking for precompiled header use
  Item\TestItem.cpp(5): note: Add directive to 'stdafx.h' or rebuild precompiled header
Item\TestItem.cpp(6): warning C4627: '#include <cppunit/TestCase.h>': skipped when looking for precompiled header use
  Item\TestItem.cpp(6): note: Add directive to 'stdafx.h' or rebuild precompiled header
Item\TestItem.cpp(7): warning C4627: '#include <cppunit/TestFixture.h>': skipped when looking for precompiled header use
  Item\TestItem.cpp(7): note: Add directive to 'stdafx.h' or rebuild precompiled header
Item\TestItem.cpp(8): warning C4627: '#include <cppunit/ui/text/TextTestRunner.h>': skipped when looking for precompiled header use
  Item\TestItem.cpp(8): note: Add directive to 'stdafx.h' or rebuild precompiled header
Item\TestItem.cpp(9): warning C4627: '#include <cppunit/extensions/HelperMacros.h>': skipped when looking for precompiled header use
  Item\TestItem.cpp(9): note: Add directive to 'stdafx.h' or rebuild precompiled header
Item\TestItem.cpp(10): warning C4627: '#include <cppunit/extensions/TestFactoryRegistry.h>': skipped when looking for precompiled header use
  Item\TestItem.cpp(10): note: Add directive to 'stdafx.h' or rebuild precompiled header
Item\TestItem.cpp(11): warning C4627: '#include <cppunit/TestResult.h>': skipped when looking for precompiled header use
  Item\TestItem.cpp(11): note: Add directive to 'stdafx.h' or rebuild precompiled header
Item\TestItem.cpp(12): warning C4627: '#include <cppunit/TestResultCollector.h>': skipped when looking for precompiled header use
  Item\TestItem.cpp(12): note: Add directive to 'stdafx.h' or rebuild precompiled header
Item\TestItem.cpp(13): warning C4627: '#include <cppunit/TestRunner.h>': skipped when looking for precompiled header use
  Item\TestItem.cpp(13): note: Add directive to 'stdafx.h' or rebuild precompiled header
Item\TestItem.cpp(14): warning C4627: '#include <cppunit/BriefTestProgressListener.h>': skipped when looking for precompiled header use
  Item\TestItem.cpp(14): note: Add directive to 'stdafx.h' or rebuild precompiled header
Item\TestItem.cpp(15): warning C4627: '#include <cppunit/CompilerOutputter.h>': skipped when looking for precompiled header use
  Item\TestItem.cpp(15): note: Add directive to 'stdafx.h' or rebuild precompiled header
Item\TestItem.cpp(16): warning C4627: '#include <cppunit/XmlOutputter.h>': skipped when looking for precompiled header use
  Item\TestItem.cpp(16): note: Add directive to 'stdafx.h' or rebuild precompiled header
Item\TestItem.cpp(17): warning C4627: '#include "Item.h"': skipped when looking for precompiled header use
  Item\TestItem.cpp(17): note: Add directive to 'stdafx.h' or rebuild precompiled header
Item\TestItem.cpp(55): fatal error C1010: unexpected end of file while looking for precompiled header. Did you forget to add '#include "stdafx.h"' to your source?
  TestItemContainer.cpp
Item\TestItemContainer.cpp(5): warning C4627: '#include <iostream>': skipped when looking for precompiled header use
  Item\TestItemContainer.cpp(5): note: Add directive to 'stdafx.h' or rebuild precompiled header
Item\TestItemContainer.cpp(6): warning C4627: '#include <cppunit/TestCase.h>': skipped when looking for precompiled header use
  Item\TestItemContainer.cpp(6): note: Add directive to 'stdafx.h' or rebuild precompiled header
Item\TestItemContainer.cpp(7): warning C4627: '#include <cppunit/TestFixture.h>': skipped when looking for precompiled header use
  Item\TestItemContainer.cpp(7): note: Add directive to 'stdafx.h' or rebuild precompiled header
Item\TestItemContainer.cpp(8): warning C4627: '#include <cppunit/ui/text/TextTestRunner.h>': skipped when looking for precompiled header use
  Item\TestItemContainer.cpp(8): note: Add directive to 'stdafx.h' or rebuild precompiled header
Item\TestItemContainer.cpp(9): warning C4627: '#include <cppunit/extensions/HelperMacros.h>': skipped when looking for precompiled header use
  Item\TestItemContainer.cpp(9): note: Add directive to 'stdafx.h' or rebuild precompiled header
Item\TestItemContainer.cpp(10): warning C4627: '#include <cppunit/extensions/TestFactoryRegistry.h>': skipped when looking for precompiled header use
  Item\TestItemContainer.cpp(10): note: Add directive to 'stdafx.h' or rebuild precompiled header
Item\TestItemContainer.cpp(11): warning C4627: '#include <cppunit/TestResult.h>': skipped when looking for precompiled header use
  Item\TestItemContainer.cpp(11): note: Add directive to 'stdafx.h' or rebuild precompiled header
Item\TestItemContainer.cpp(12): warning C4627: '#include <cppunit/TestResultCollector.h>': skipped when looking for precompiled header use
  Item\TestItemContainer.cpp(12): note: Add directive to 'stdafx.h' or rebuild precompiled header
Item\TestItemContainer.cpp(13): warning C4627: '#include <cppunit/TestRunner.h>': skipped when looking for precompiled header use
  Item\TestItemContainer.cpp(13): note: Add directive to 'stdafx.h' or rebuild precompiled header
Item\TestItemContainer.cpp(14): warning C4627: '#include <cppunit/BriefTestProgressListener.h>': skipped when looking for precompiled header use
  Item\TestItemContainer.cpp(14): note: Add directive to 'stdafx.h' or rebuild precompiled header
Item\TestItemContainer.cpp(15): warning C4627: '#include <cppunit/CompilerOutputter.h>': skipped when looking for precompiled header use
  Item\TestItemContainer.cpp(15): note: Add directive to 'stdafx.h' or rebuild precompiled header
Item\TestItemContainer.cpp(16): warning C4627: '#include <cppunit/XmlOutputter.h>': skipped when looking for precompiled header use
  Item\TestItemContainer.cpp(16): note: Add directive to 'stdafx.h' or rebuild precompiled header
Item\TestItemContainer.cpp(17): warning C4627: '#include "ItemContainer.h"': skipped when looking for precompiled header use
  Item\TestItemContainer.cpp(17): note: Add directive to 'stdafx.h' or rebuild precompiled header
Item\TestItemContainer.cpp(100): fatal error C1010: unexpected end of file while looking for precompiled header. Did you forget to add '#include "stdafx.h"' to your source?
  Map.cpp
Map\Map.cpp(4): warning C4627: '#include "Map.h"': skipped when looking for precompiled header use
  Map\Map.cpp(4): note: Add directive to 'stdafx.h' or rebuild precompiled header
Map\Map.cpp(45): fatal error C1010: unexpected end of file while looking for precompiled header. Did you forget to add '#include "stdafx.h"' to your source?
  MapTest.cpp
Map\MapTest.cpp(4): warning C4627: '#include <cppunit/TestCase.h>': skipped when looking for precompiled header use
  Map\MapTest.cpp(4): note: Add directive to 'stdafx.h' or rebuild precompiled header
Map\MapTest.cpp(5): warning C4627: '#include <cppunit/TestFixture.h>': skipped when looking for precompiled header use
  Map\MapTest.cpp(5): note: Add directive to 'stdafx.h' or rebuild precompiled header
Map\MapTest.cpp(6): warning C4627: '#include <cppunit/ui/text/TextTestRunner.h>': skipped when looking for precompiled header use
  Map\MapTest.cpp(6): note: Add directive to 'stdafx.h' or rebuild precompiled header
Map\MapTest.cpp(7): warning C4627: '#include <cppunit/extensions/HelperMacros.h>': skipped when looking for precompiled header use
  Map\MapTest.cpp(7): note: Add directive to 'stdafx.h' or rebuild precompiled header
Map\MapTest.cpp(8): warning C4627: '#include <cppunit/extensions/TestFactoryRegistry.h>': skipped when looking for precompiled header use
  Map\MapTest.cpp(8): note: Add directive to 'stdafx.h' or rebuild precompiled header
Map\MapTest.cpp(9): warning C4627: '#include <cppunit/TestResult.h>': skipped when looking for precompiled header use
  Map\MapTest.cpp(9): note: Add directive to 'stdafx.h' or rebuild precompiled header
Map\MapTest.cpp(10): warning C4627: '#include <cppunit/TestResultCollector.h>': skipped when looking for precompiled header use
  Map\MapTest.cpp(10): note: Add directive to 'stdafx.h' or rebuild precompiled header
Map\MapTest.cpp(11): warning C4627: '#include <cppunit/TestRunner.h>': skipped when looking for precompiled header use
  Map\MapTest.cpp(11): note: Add directive to 'stdafx.h' or rebuild precompiled header
Map\MapTest.cpp(12): warning C4627: '#include <cppunit/BriefTestProgressListener.h>': skipped when looking for precompiled header use
  Map\MapTest.cpp(12): note: Add directive to 'stdafx.h' or rebuild precompiled header
Map\MapTest.cpp(13): warning C4627: '#include <cppunit/CompilerOutputter.h>': skipped when looking for precompiled header use
  Map\MapTest.cpp(13): note: Add directive to 'stdafx.h' or rebuild precompiled header
Map\MapTest.cpp(14): warning C4627: '#include <cppunit/XmlOutputter.h>': skipped when looking for precompiled header use
  Map\MapTest.cpp(14): note: Add directive to 'stdafx.h' or rebuild precompiled header
Map\MapTest.cpp(15): warning C4627: '#include "Map.h"': skipped when looking for precompiled header use
  Map\MapTest.cpp(15): note: Add directive to 'stdafx.h' or rebuild precompiled header
Map\MapTest.cpp(99): fatal error C1010: unexpected end of file while looking for precompiled header. Did you forget to add '#include "stdafx.h"' to your source?
  RunApp.cpp
Map\RunApp.cpp : warning C4819: The file contains a character that cannot be represented in the current code page (936). Save the file in Unicode format to prevent data loss
Map\RunApp.cpp(23): warning C4627: '#include <cppunit/CompilerOutputter.h>': skipped when looking for precompiled header use
  Map\RunApp.cpp(23): note: Add directive to 'stdafx.h' or rebuild precompiled header
Map\RunApp.cpp(24): warning C4627: '#include <cppunit/extensions/TestFactoryRegistry.h>': skipped when looking for precompiled header use
  Map\RunApp.cpp(24): note: Add directive to 'stdafx.h' or rebuild precompiled header
Map\RunApp.cpp(25): warning C4627: '#include <cppunit/ui/text/TestRunner.h>': skipped when looking for precompiled header use
  Map\RunApp.cpp(25): note: Add directive to 'stdafx.h' or rebuild precompiled header
Map\RunApp.cpp(53): fatal error C1010: unexpected end of file while looking for precompiled header. Did you forget to add '#include "stdafx.h"' to your source?
